<?xml version="1.0" encoding="UTF-8"?>
<testsuite name="AcronymTest" tests="9" skipped="8" failures="0" errors="0" timestamp="2025-03-17T02:49:16" hostname="khoerudin-1701" time="0.037">
  <properties/>
  <testcase name="hyphen is ignored" classname="AcronymTest" time="0.0">
    <skipped/>
  </testcase>
  <testcase name="uppercased word at the start" classname="AcronymTest" time="0.0">
    <skipped/>
  </testcase>
  <testcase name="underscore emphasis is ignored" classname="AcronymTest" time="0.0">
    <skipped/>
  </testcase>
  <testcase name="punctuation is ignored" classname="AcronymTest" time="0.0">
    <skipped/>
  </testcase>
  <testcase name="lots of words" classname="AcronymTest" time="0.0">
    <skipped/>
  </testcase>
  <testcase name="apostrophe is ignored" classname="AcronymTest" time="0.0">
    <skipped/>
  </testcase>
  <testcase name="capitalized words" classname="AcronymTest" time="0.035"/>
  <testcase name="lowercase word in the middle" classname="AcronymTest" time="0.0">
    <skipped/>
  </testcase>
  <testcase name="consecutive delimiters" classname="AcronymTest" time="0.0">
    <skipped/>
  </testcase>
  <system-out><![CDATA[]]></system-out>
  <system-err><![CDATA[]]></system-err>
</testsuite>
